<?xml version="1.0" encoding="UTF-8"?>
<!-- Generated by org.testng.reporters.JUnitReportReporter -->
<testsuite hostname="DESKTOP-HB0L2DQ" failures="0" tests="1" name="TestCase.TC_LoginTest001" time="45.325" errors="0" timestamp="2024-08-29T13:41:08 IST" skipped="0">
  <testcase classname="TestCase.TC_LoginTest001" name="loginTest" time="45.325"/>
</testsuite> <!-- TestCase.TC_LoginTest001 -->
