<?xml version="1.0" encoding="UTF-8"?>
<!-- Generated by org.testng.reporters.JUnitReportReporter -->
<testsuite hostname="DESKTOP-HB0L2DQ" failures="0" tests="1" name="TestCase.TC_LoginTest001" time="62.618" errors="0" timestamp="2024-08-29T15:10:03 IST" skipped="0">
  <testcase classname="TestCase.TC_LoginTest001" name="loginTest" time="62.618"/>
</testsuite> <!-- TestCase.TC_LoginTest001 -->
